## SLURM PROLOG ###############################################################
##    Job ID : 2287602
##  Job Name : pytest_dist_slurm
##  Nodelist : node1737
##      CPUs : 3
##  Mem/Node : 4096 MB
## Directory : /oscar/home/pcurtin1/torchrunx
##   Job Started : Mon May 20 04:03:10 PM EDT 2024
###############################################################################
============================= test session starts ==============================
platform linux -- Python 3.8.1, pytest-7.4.0, pluggy-1.3.0 -- /users/pcurtin1/.conda/envs/torchrunx/bin/python3
cachedir: .pytest_cache
rootdir: /users/pcurtin1/torchrunx/tests
configfile: pytest.ini
plugins: anyio-4.3.0
============================= test session starts ==============================
platform linux -- Python 3.8.1, pytest-7.4.0, pluggy-1.3.0 -- /users/pcurtin1/.conda/envs/torchrunx/bin/python3
cachedir: .pytest_cache
rootdir: /users/pcurtin1/torchrunx/tests
configfile: pytest.ini
plugins: anyio-4.3.0
============================= test session starts ==============================
platform linux -- Python 3.8.1, pytest-7.4.0, pluggy-1.3.0 -- /users/pcurtin1/.conda/envs/torchrunx/bin/python3
cachedir: .pytest_cache
rootdir: /users/pcurtin1/torchrunx/tests
configfile: pytest.ini
plugins: anyio-4.3.0
collecting ... collected 3 items

collecting ... collected 3 items

collecting ... collected 3 items

../../../../users/pcurtin1/torchrunx/tests/test_dist.py::test_all_reduce[0] PASSED [ 33%]
../../../../users/pcurtin1/torchrunx/tests/test_dist.py::test_all_reduce[0] PASSED [ 33%]
../../../../users/pcurtin1/torchrunx/tests/test_dist.py::test_all_reduce[0] PASSED [ 33%]
../../../../users/pcurtin1/torchrunx/tests/test_dist.py::test_all_reduce[1] PASSED [ 66%]
../../../../users/pcurtin1/torchrunx/tests/test_dist.py::test_all_reduce[1] PASSED [ 66%]
../../../../users/pcurtin1/torchrunx/tests/test_dist.py::test_all_reduce[1] PASSED [ 66%]
../../../../users/pcurtin1/torchrunx/tests/test_dist.py::test_all_reduce[2] PASSED [100%]

=============================== warnings summary ===============================
../../../../users/pcurtin1/.conda/envs/torchrunx/lib/python3.8/site-packages/torch/nn/modules/transformer.py:20
  /users/pcurtin1/.conda/envs/torchrunx/lib/python3.8/site-packages/torch/nn/modules/transformer.py:20: UserWarning: Failed to initialize NumPy: numpy.core.multiarray failed to import (Triggered internally at ../torch/csrc/utils/tensor_numpy.cpp:84.)
    device: torch.device = torch.device(torch._C._get_default_device()),  # torch.device('cpu'),

-- Docs: https://docs.pytest.org/en/stable/how-to/capture-warnings.html
========================= 3 passed, 1 warning in 9.77s =========================
../../../../users/pcurtin1/torchrunx/tests/test_dist.py::test_all_reduce[2] PASSED [100%]

=============================== warnings summary ===============================
../../../../users/pcurtin1/.conda/envs/torchrunx/lib/python3.8/site-packages/torch/nn/modules/transformer.py:20
  /users/pcurtin1/.conda/envs/torchrunx/lib/python3.8/site-packages/torch/nn/modules/transformer.py:20: UserWarning: Failed to initialize NumPy: numpy.core.multiarray failed to import (Triggered internally at ../torch/csrc/utils/tensor_numpy.cpp:84.)
    device: torch.device = torch.device(torch._C._get_default_device()),  # torch.device('cpu'),

-- Docs: https://docs.pytest.org/en/stable/how-to/capture-warnings.html
========================= 3 passed, 1 warning in 9.76s =========================
slurmstepd: error: *** STEP 2287602.0 ON node1737 CANCELLED AT 2024-05-20T16:13:38 DUE TO TIME LIMIT ***
slurmstepd: error: *** JOB 2287602 ON node1737 CANCELLED AT 2024-05-20T16:13:38 DUE TO TIME LIMIT ***
srun: Job step aborted: Waiting up to 182 seconds for job step to finish.
../../../../users/pcurtin1/torchrunx/tests/test_dist.py::test_all_reduce[2] PASSED [100%]srun: error: node1737: task 1: Terminated
